2013/10/07 13:56:41 INFO  - jmeter.util.JMeterUtils: Setting Locale to en_US 
2013/10/07 13:56:41 INFO  - jmeter.JMeter: Loading user properties from: /usr/share/jmeter/bin/user.properties 
2013/10/07 13:56:41 INFO  - jmeter.JMeter: Loading system properties from: /usr/share/jmeter/bin/system.properties 
2013/10/07 13:56:41 INFO  - jmeter.JMeter: Copyright (c) 1998-2011 The Apache Software Foundation 
2013/10/07 13:56:41 INFO  - jmeter.JMeter: Version 2.5.1 
2013/10/07 13:56:41 INFO  - jmeter.JMeter: java.version=1.7.0_40 
2013/10/07 13:56:41 INFO  - jmeter.JMeter: java.vm.name=Java HotSpot(TM) 64-Bit Server VM 
2013/10/07 13:56:41 INFO  - jmeter.JMeter: os.name=Linux 
2013/10/07 13:56:41 INFO  - jmeter.JMeter: os.arch=amd64 
2013/10/07 13:56:41 INFO  - jmeter.JMeter: os.version=3.8.0-31-generic 
2013/10/07 13:56:41 INFO  - jmeter.JMeter: file.encoding=UTF-8 
2013/10/07 13:56:41 INFO  - jmeter.JMeter: Default Locale=English (United States) 
2013/10/07 13:56:41 INFO  - jmeter.JMeter: JMeter  Locale=English (United States) 
2013/10/07 13:56:41 INFO  - jmeter.JMeter: JMeterHome=/usr/share/jmeter 
2013/10/07 13:56:41 INFO  - jmeter.JMeter: user.dir  =/home/gouveia/.vim 
2013/10/07 13:56:41 INFO  - jmeter.JMeter: PWD       =/home/gouveia/.vim 
2013/10/07 13:56:41 INFO  - jmeter.JMeter: IP: 127.0.1.1 Name: gouveia-ubuntu FullName: gouveia-ubuntu 
2013/10/07 13:56:41 INFO  - jmeter.JMeter: Loaded icon properties from org/apache/jmeter/images/icon.properties 
2013/10/07 13:56:43 INFO  - jmeter.engine.util.CompoundVariable: Note: Function class names must contain the string: '.functions.' 
2013/10/07 13:56:43 INFO  - jmeter.engine.util.CompoundVariable: Note: Function class names must not contain the string: '.gui.' 
2013/10/07 13:56:43 INFO  - jmeter.util.BSFTestElement: Registering JMeter version of JavaScript engine as work-round for BSF-22 
2013/10/07 13:56:44 INFO  - jmeter.protocol.http.sampler.HTTPSamplerBase: Cannot find .className property for htmlParser, using default 
2013/10/07 13:56:44 INFO  - jmeter.protocol.http.sampler.HTTPSamplerBase: Parser for text/html is  
2013/10/07 13:56:44 INFO  - jmeter.protocol.http.sampler.HTTPSamplerBase: Parser for application/xhtml+xml is  
2013/10/07 13:56:44 INFO  - jmeter.protocol.http.sampler.HTTPSamplerBase: Parser for application/xml is  
2013/10/07 13:56:44 INFO  - jmeter.protocol.http.sampler.HTTPSamplerBase: Parser for text/xml is  
2013/10/07 13:56:44 INFO  - jmeter.protocol.http.sampler.HTTPSamplerBase: Parser for text/vnd.wap.wml is org.apache.jmeter.protocol.http.parser.RegexpHTMLParser 
2013/10/07 13:56:44 INFO  - jmeter.protocol.http.sampler.HTTPSamplerBase: Reuse SSL session context on subsequent iterations: true 
2013/10/07 13:56:44 INFO  - jmeter.protocol.http.control.CookieManager: Settings: Delete null: true Check: true Allow variable: true Save: false Prefix: COOKIE_ 
2013/10/07 13:56:44 INFO  - jmeter.gui.util.MenuFactory: Skipping org.apache.jmeter.protocol.http.modifier.gui.ParamModifierGui 
2013/10/07 13:56:44 INFO  - jmeter.gui.util.MenuFactory: Skipping org.apache.jmeter.protocol.http.modifier.gui.UserParameterModifierGui 
2013/10/07 13:56:45 INFO  - jmeter.samplers.SampleResult: Note: Sample TimeStamps are START times 
2013/10/07 13:56:45 INFO  - jmeter.samplers.SampleResult: sampleresult.default.encoding is set to ISO-8859-1 
2013/10/07 13:56:45 INFO  - jmeter.samplers.SampleResult: sampleresult.useNanoTime=true 
2013/10/07 13:57:07 INFO  - jmeter.services.FileServer: Default base='/home/gouveia/.vim' 
2013/10/07 13:57:07 INFO  - jmeter.gui.action.Load: Loading file: /home/gouveia/Dropbox/Magazine.jmx 
2013/10/07 13:57:07 INFO  - jmeter.services.FileServer: Set new base '/home/gouveia/Dropbox' 
2013/10/07 13:57:08 INFO  - jmeter.save.SaveService: Testplan (JMX) version: 2.2. Testlog (JTL) version: 2.2 
2013/10/07 13:57:08 INFO  - jmeter.save.SaveService: Using SaveService properties file encoding UTF-8 
2013/10/07 13:57:08 INFO  - jmeter.save.SaveService: Using SaveService properties file version 1050447 
2013/10/07 13:57:08 INFO  - jmeter.save.SaveService: Using SaveService properties version 2.1 
2013/10/07 13:57:08 INFO  - jmeter.save.SaveService: All converter versions present and correct 
2013/10/07 13:57:08 INFO  - jmeter.services.FileServer: Set new base='/home/gouveia/Dropbox' 
